<?xml version="1.0" encoding="UTF-8"?>
<testsuite xmlns:xsi="http://www.w3.org/2001/XMLSchema-instance" xsi:noNamespaceSchemaLocation="https://maven.apache.org/surefire/maven-surefire-plugin/xsd/surefire-test-report.xsd" name="cucumber.Option.TestRunner" time="12.421" tests="4" errors="0" skipped="0" failures="0">
  <properties>
[...]
</properties>
  <testcase name="Verify if place is being successfully added using Add place API #1" classname="Validating place API" time="4.899"/>
  <testcase name="Verify if place is being successfully added using Add place API #2" classname="Validating place API" time="1.895"/>
  <testcase name="Verify if place is being successfully added using Add place API #3" classname="Validating place API" time="0.835"/>
  <testcase name="Verify if delete place functionalty is working fine" classname="Validating place API" time="0.664"/>
</testsuite>